0 info it worked if it ends with ok
1 verbose cli [ '/home/mohsin/.nvm/versions/node/v7.5.0/bin/node',
1 verbose cli   '/home/mohsin/.nvm/versions/node/v7.5.0/bin/npm',
1 verbose cli   'start',
1 verbose cli   'run' ]
2 info using npm@4.1.2
3 info using node@v7.5.0
4 verbose run-script [ 'prestart', 'start', 'poststart' ]
5 info lifecycle apidoctor@1.0.0~prestart: apidoctor@1.0.0
6 silly lifecycle apidoctor@1.0.0~prestart: no script for prestart, continuing
7 info lifecycle apidoctor@1.0.0~start: apidoctor@1.0.0
8 verbose lifecycle apidoctor@1.0.0~start: unsafe-perm in lifecycle true
9 verbose lifecycle apidoctor@1.0.0~start: PATH: /home/mohsin/.nvm/versions/node/v7.5.0/lib/node_modules/npm/bin/node-gyp-bin:/home/mohsin/workspace/todoList/node_modules/.bin:/home/mohsin/.rvm/gems/ruby-2.0.0-p481/bin:/home/mohsin/.rvm/gems/ruby-2.0.0-p481@global/bin:/home/mohsin/.rvm/rubies/ruby-2.0.0-p481/bin:/home/mohsin/.nvm/versions/node/v7.5.0/bin:/usr/local/heroku/bin:/home/mohsin/local/bin:/usr/local/sbin:/usr/local/bin:/usr/sbin:/usr/bin:/sbin:/bin:/usr/games:/usr/local/games:/home/mohsin/.rvm/bin
10 verbose lifecycle apidoctor@1.0.0~start: CWD: /home/mohsin/workspace/todoList
11 silly lifecycle apidoctor@1.0.0~start: Args: [ '-c', 'node server.js "run"' ]
12 silly lifecycle apidoctor@1.0.0~start: Returned: code: 1  signal: null
13 info lifecycle apidoctor@1.0.0~start: Failed to exec start script
14 verbose stack Error: apidoctor@1.0.0 start: `node server.js "run"`
14 verbose stack Exit status 1
14 verbose stack     at EventEmitter.<anonymous> (/home/mohsin/.nvm/versions/node/v7.5.0/lib/node_modules/npm/lib/utils/lifecycle.js:279:16)
14 verbose stack     at emitTwo (events.js:106:13)
14 verbose stack     at EventEmitter.emit (events.js:192:7)
14 verbose stack     at ChildProcess.<anonymous> (/home/mohsin/.nvm/versions/node/v7.5.0/lib/node_modules/npm/lib/utils/spawn.js:40:14)
14 verbose stack     at emitTwo (events.js:106:13)
14 verbose stack     at ChildProcess.emit (events.js:192:7)
14 verbose stack     at maybeClose (internal/child_process.js:890:16)
14 verbose stack     at Process.ChildProcess._handle.onexit (internal/child_process.js:226:5)
15 verbose pkgid apidoctor@1.0.0
16 verbose cwd /home/mohsin/workspace/todoList
17 error Linux 3.13.0-119-generic
18 error argv "/home/mohsin/.nvm/versions/node/v7.5.0/bin/node" "/home/mohsin/.nvm/versions/node/v7.5.0/bin/npm" "start" "run"
19 error node v7.5.0
20 error npm  v4.1.2
21 error code ELIFECYCLE
22 error apidoctor@1.0.0 start: `node server.js "run"`
22 error Exit status 1
23 error Failed at the apidoctor@1.0.0 start script 'node server.js "run"'.
23 error Make sure you have the latest version of node.js and npm installed.
23 error If you do, this is most likely a problem with the apidoctor package,
23 error not with npm itself.
23 error Tell the author that this fails on your system:
23 error     node server.js "run"
23 error You can get information on how to open an issue for this project with:
23 error     npm bugs apidoctor
23 error Or if that isn't available, you can get their info via:
23 error     npm owner ls apidoctor
23 error There is likely additional logging output above.
24 verbose exit [ 1, true ]
